[0.404s] Invoking command in '/projects/arduinobot_ws/src/arduinobot_py_examples': PYTHONPATH=/projects/arduinobot_ws/build/arduinobot_py_examples/prefix_override:/usr/lib/python3/dist-packages/colcon_core/task/python/colcon_distutils_commands:/projects/arduinobot_ws/install/arduinobot_py_examples/lib/python3.12/site-packages:${PYTHONPATH} /usr/bin/python3 -W ignore:setup.py install is deprecated -W ignore:easy_install command is deprecated setup.py egg_info --egg-base ../../build/arduinobot_py_examples build --build-base /projects/arduinobot_ws/build/arduinobot_py_examples/build install --record /projects/arduinobot_ws/build/arduinobot_py_examples/install.log --single-version-externally-managed install_data
[0.534s] running egg_info
[0.542s] writing ../../build/arduinobot_py_examples/arduinobot_py_examples.egg-info/PKG-INFO
[0.542s] writing dependency_links to ../../build/arduinobot_py_examples/arduinobot_py_examples.egg-info/dependency_links.txt
[0.542s] writing entry points to ../../build/arduinobot_py_examples/arduinobot_py_examples.egg-info/entry_points.txt
[0.543s] writing requirements to ../../build/arduinobot_py_examples/arduinobot_py_examples.egg-info/requires.txt
[0.543s] writing top-level names to ../../build/arduinobot_py_examples/arduinobot_py_examples.egg-info/top_level.txt
[0.560s] reading manifest file '../../build/arduinobot_py_examples/arduinobot_py_examples.egg-info/SOURCES.txt'
[0.561s] writing manifest file '../../build/arduinobot_py_examples/arduinobot_py_examples.egg-info/SOURCES.txt'
[0.561s] running build
[0.561s] running build_py
[0.561s] copying arduinobot_py_examples/simple_publisher.py -> /projects/arduinobot_ws/build/arduinobot_py_examples/build/lib/arduinobot_py_examples
[0.561s] running install
[0.564s] running install_lib
[0.573s] copying /projects/arduinobot_ws/build/arduinobot_py_examples/build/lib/arduinobot_py_examples/simple_publisher.py -> /projects/arduinobot_ws/install/arduinobot_py_examples/lib/python3.12/site-packages/arduinobot_py_examples
[0.573s] byte-compiling /projects/arduinobot_ws/install/arduinobot_py_examples/lib/python3.12/site-packages/arduinobot_py_examples/simple_publisher.py to simple_publisher.cpython-312.pyc
[0.574s] running install_data
[0.574s] copying package.xml -> /projects/arduinobot_ws/install/arduinobot_py_examples/share/arduinobot_py_examples
[0.574s] running install_egg_info
[0.583s] removing '/projects/arduinobot_ws/install/arduinobot_py_examples/lib/python3.12/site-packages/arduinobot_py_examples-0.0.0-py3.12.egg-info' (and everything under it)
[0.583s] Copying ../../build/arduinobot_py_examples/arduinobot_py_examples.egg-info to /projects/arduinobot_ws/install/arduinobot_py_examples/lib/python3.12/site-packages/arduinobot_py_examples-0.0.0-py3.12.egg-info
[0.583s] running install_scripts
[0.646s] Installing simple_publisher script to /projects/arduinobot_ws/install/arduinobot_py_examples/lib/arduinobot_py_examples
[0.646s] writing list of installed files to '/projects/arduinobot_ws/build/arduinobot_py_examples/install.log'
[0.661s] Invoked command in '/projects/arduinobot_ws/src/arduinobot_py_examples' returned '0': PYTHONPATH=/projects/arduinobot_ws/build/arduinobot_py_examples/prefix_override:/usr/lib/python3/dist-packages/colcon_core/task/python/colcon_distutils_commands:/projects/arduinobot_ws/install/arduinobot_py_examples/lib/python3.12/site-packages:${PYTHONPATH} /usr/bin/python3 -W ignore:setup.py install is deprecated -W ignore:easy_install command is deprecated setup.py egg_info --egg-base ../../build/arduinobot_py_examples build --build-base /projects/arduinobot_ws/build/arduinobot_py_examples/build install --record /projects/arduinobot_ws/build/arduinobot_py_examples/install.log --single-version-externally-managed install_data
