[0.092s] DEBUG:colcon:Command line arguments: ['/usr/bin/colcon', 'build']
[0.093s] DEBUG:colcon:Parsed command line arguments: Namespace(log_base=None, log_level=None, verb_name='build', build_base='build', install_base='install', merge_install=False, symlink_install=False, test_result_base=None, continue_on_error=False, executor='parallel', parallel_workers=24, event_handlers=None, ignore_user_meta=False, metas=['./colcon.meta'], base_paths=['.'], packages_ignore=None, packages_ignore_regex=None, paths=None, packages_up_to=None, packages_up_to_regex=None, packages_above=None, packages_above_and_dependencies=None, packages_above_depth=None, packages_select_by_dep=None, packages_skip_by_dep=None, packages_skip_up_to=None, packages_select_build_failed=False, packages_skip_build_finished=False, packages_select_test_failures=False, packages_skip_test_passed=False, packages_select=None, packages_skip=None, packages_select_regex=None, packages_skip_regex=None, packages_start=None, packages_end=None, cmake_args=None, cmake_target=None, cmake_target_skip_unavailable=False, cmake_clean_cache=False, cmake_clean_first=False, cmake_force_configure=False, ament_cmake_args=None, catkin_cmake_args=None, catkin_skip_building_tests=False, mixin_files=None, mixin=None, verb_parser=<colcon_mixin.mixin.mixin_argument.MixinArgumentDecorator object at 0x7eff8feb1310>, verb_extension=<colcon_core.verb.build.BuildVerb object at 0x7eff8feb1070>, main=<bound method BuildVerb.main of <colcon_core.verb.build.BuildVerb object at 0x7eff8feb1070>>, mixin_verb=('build',))
[0.130s] Level 1:colcon.colcon_core.package_discovery:discover_packages(colcon_meta) check parameters
[0.131s] Level 1:colcon.colcon_core.package_discovery:discover_packages(recursive) check parameters
[0.131s] Level 1:colcon.colcon_core.package_discovery:discover_packages(ignore) check parameters
[0.132s] Level 1:colcon.colcon_core.package_discovery:discover_packages(path) check parameters
[0.132s] Level 1:colcon.colcon_core.package_discovery:discover_packages(colcon_meta) discover
[0.132s] Level 1:colcon.colcon_core.package_discovery:discover_packages(recursive) discover
[0.132s] INFO:colcon.colcon_core.package_discovery:Crawling recursively for packages in '/Simple_PubSub_ROS2/arduinobot_ws/src'
[0.133s] Level 1:colcon.colcon_core.package_identification:_identify(.) by extensions ['ignore', 'ignore_ament_install']
[0.134s] Level 1:colcon.colcon_core.package_identification:_identify(.) by extension 'ignore'
[0.134s] Level 1:colcon.colcon_core.package_identification:_identify(.) by extension 'ignore_ament_install'
[0.135s] Level 1:colcon.colcon_core.package_identification:_identify(.) by extensions ['colcon_pkg']
[0.135s] Level 1:colcon.colcon_core.package_identification:_identify(.) by extension 'colcon_pkg'
[0.135s] Level 1:colcon.colcon_core.package_identification:_identify(.) by extensions ['colcon_meta']
[0.135s] Level 1:colcon.colcon_core.package_identification:_identify(.) by extension 'colcon_meta'
[0.135s] Level 1:colcon.colcon_core.package_identification:_identify(.) by extensions ['ros']
[0.135s] Level 1:colcon.colcon_core.package_identification:_identify(.) by extension 'ros'
[0.153s] Level 1:colcon.colcon_core.package_identification:_identify(.) by extensions ['cmake', 'python']
[0.153s] Level 1:colcon.colcon_core.package_identification:_identify(.) by extension 'cmake'
[0.153s] Level 1:colcon.colcon_core.package_identification:_identify(.) by extension 'python'
[0.153s] Level 1:colcon.colcon_core.package_identification:_identify(.) by extensions ['python_setup_py']
[0.153s] Level 1:colcon.colcon_core.package_identification:_identify(.) by extension 'python_setup_py'
[0.155s] Level 1:colcon.colcon_core.package_identification:_identify(arduinobot_cpp_examples) by extensions ['ignore', 'ignore_ament_install']
[0.155s] Level 1:colcon.colcon_core.package_identification:_identify(arduinobot_cpp_examples) by extension 'ignore'
[0.156s] Level 1:colcon.colcon_core.package_identification:_identify(arduinobot_cpp_examples) by extension 'ignore_ament_install'
[0.157s] Level 1:colcon.colcon_core.package_identification:_identify(arduinobot_cpp_examples) by extensions ['colcon_pkg']
[0.157s] Level 1:colcon.colcon_core.package_identification:_identify(arduinobot_cpp_examples) by extension 'colcon_pkg'
[0.158s] Level 1:colcon.colcon_core.package_identification:_identify(arduinobot_cpp_examples) by extensions ['colcon_meta']
[0.158s] Level 1:colcon.colcon_core.package_identification:_identify(arduinobot_cpp_examples) by extension 'colcon_meta'
[0.159s] Level 1:colcon.colcon_core.package_identification:_identify(arduinobot_cpp_examples) by extensions ['ros']
[0.159s] Level 1:colcon.colcon_core.package_identification:_identify(arduinobot_cpp_examples) by extension 'ros'
[0.166s] DEBUG:colcon.colcon_core.package_identification:Package 'arduinobot_cpp_examples' with type 'ros.ament_cmake' and name 'arduinobot_cpp_examples'
[0.168s] Level 1:colcon.colcon_core.package_identification:_identify(arduinobot_py_examples) by extensions ['ignore', 'ignore_ament_install']
[0.168s] Level 1:colcon.colcon_core.package_identification:_identify(arduinobot_py_examples) by extension 'ignore'
[0.169s] Level 1:colcon.colcon_core.package_identification:_identify(arduinobot_py_examples) by extension 'ignore_ament_install'
[0.169s] Level 1:colcon.colcon_core.package_identification:_identify(arduinobot_py_examples) by extensions ['colcon_pkg']
[0.170s] Level 1:colcon.colcon_core.package_identification:_identify(arduinobot_py_examples) by extension 'colcon_pkg'
[0.170s] Level 1:colcon.colcon_core.package_identification:_identify(arduinobot_py_examples) by extensions ['colcon_meta']
[0.170s] Level 1:colcon.colcon_core.package_identification:_identify(arduinobot_py_examples) by extension 'colcon_meta'
[0.171s] Level 1:colcon.colcon_core.package_identification:_identify(arduinobot_py_examples) by extensions ['ros']
[0.171s] Level 1:colcon.colcon_core.package_identification:_identify(arduinobot_py_examples) by extension 'ros'
[0.177s] DEBUG:colcon.colcon_core.package_identification:Package 'arduinobot_py_examples' with type 'ros.ament_python' and name 'arduinobot_py_examples'
[0.178s] Level 1:colcon.colcon_core.package_identification:_identify(build) by extensions ['ignore', 'ignore_ament_install']
[0.178s] Level 1:colcon.colcon_core.package_identification:_identify(build) by extension 'ignore'
[0.179s] Level 1:colcon.colcon_core.package_identification:_identify(build) ignored
[0.180s] Level 1:colcon.colcon_core.package_identification:_identify(install) by extensions ['ignore', 'ignore_ament_install']
[0.180s] Level 1:colcon.colcon_core.package_identification:_identify(install) by extension 'ignore'
[0.181s] Level 1:colcon.colcon_core.package_identification:_identify(install) ignored
[0.183s] Level 1:colcon.colcon_core.package_identification:_identify(log) by extensions ['ignore', 'ignore_ament_install']
[0.184s] Level 1:colcon.colcon_core.package_identification:_identify(log) by extension 'ignore'
[0.184s] Level 1:colcon.colcon_core.package_identification:_identify(log) ignored
[0.184s] Level 1:colcon.colcon_core.package_discovery:discover_packages(recursive) using defaults
[0.184s] Level 1:colcon.colcon_core.package_discovery:discover_packages(ignore) discover
[0.184s] Level 1:colcon.colcon_core.package_discovery:discover_packages(ignore) using defaults
[0.184s] Level 1:colcon.colcon_core.package_discovery:discover_packages(path) discover
[0.184s] Level 1:colcon.colcon_core.package_discovery:discover_packages(path) using defaults
[0.200s] Level 5:colcon.colcon_core.verb:set package 'arduinobot_cpp_examples' build argument 'cmake_args' from command line to 'None'
[0.200s] Level 5:colcon.colcon_core.verb:set package 'arduinobot_cpp_examples' build argument 'cmake_target' from command line to 'None'
[0.200s] Level 5:colcon.colcon_core.verb:set package 'arduinobot_cpp_examples' build argument 'cmake_target_skip_unavailable' from command line to 'False'
[0.201s] Level 5:colcon.colcon_core.verb:set package 'arduinobot_cpp_examples' build argument 'cmake_clean_cache' from command line to 'False'
[0.201s] Level 5:colcon.colcon_core.verb:set package 'arduinobot_cpp_examples' build argument 'cmake_clean_first' from command line to 'False'
[0.201s] Level 5:colcon.colcon_core.verb:set package 'arduinobot_cpp_examples' build argument 'cmake_force_configure' from command line to 'False'
[0.201s] Level 5:colcon.colcon_core.verb:set package 'arduinobot_cpp_examples' build argument 'ament_cmake_args' from command line to 'None'
[0.201s] Level 5:colcon.colcon_core.verb:set package 'arduinobot_cpp_examples' build argument 'catkin_cmake_args' from command line to 'None'
[0.201s] Level 5:colcon.colcon_core.verb:set package 'arduinobot_cpp_examples' build argument 'catkin_skip_building_tests' from command line to 'False'
[0.201s] DEBUG:colcon.colcon_core.verb:Building package 'arduinobot_cpp_examples' with the following arguments: {'ament_cmake_args': None, 'build_base': '/Simple_PubSub_ROS2/arduinobot_ws/src/build/arduinobot_cpp_examples', 'catkin_cmake_args': None, 'catkin_skip_building_tests': False, 'cmake_args': None, 'cmake_clean_cache': False, 'cmake_clean_first': False, 'cmake_force_configure': False, 'cmake_target': None, 'cmake_target_skip_unavailable': False, 'install_base': '/Simple_PubSub_ROS2/arduinobot_ws/src/install/arduinobot_cpp_examples', 'merge_install': False, 'path': '/Simple_PubSub_ROS2/arduinobot_ws/src/arduinobot_cpp_examples', 'symlink_install': False, 'test_result_base': None}
[0.202s] Level 5:colcon.colcon_core.verb:set package 'arduinobot_py_examples' build argument 'cmake_args' from command line to 'None'
[0.202s] Level 5:colcon.colcon_core.verb:set package 'arduinobot_py_examples' build argument 'cmake_target' from command line to 'None'
[0.202s] Level 5:colcon.colcon_core.verb:set package 'arduinobot_py_examples' build argument 'cmake_target_skip_unavailable' from command line to 'False'
[0.202s] Level 5:colcon.colcon_core.verb:set package 'arduinobot_py_examples' build argument 'cmake_clean_cache' from command line to 'False'
[0.202s] Level 5:colcon.colcon_core.verb:set package 'arduinobot_py_examples' build argument 'cmake_clean_first' from command line to 'False'
[0.202s] Level 5:colcon.colcon_core.verb:set package 'arduinobot_py_examples' build argument 'cmake_force_configure' from command line to 'False'
[0.202s] Level 5:colcon.colcon_core.verb:set package 'arduinobot_py_examples' build argument 'ament_cmake_args' from command line to 'None'
[0.202s] Level 5:colcon.colcon_core.verb:set package 'arduinobot_py_examples' build argument 'catkin_cmake_args' from command line to 'None'
[0.202s] Level 5:colcon.colcon_core.verb:set package 'arduinobot_py_examples' build argument 'catkin_skip_building_tests' from command line to 'False'
[0.203s] DEBUG:colcon.colcon_core.verb:Building package 'arduinobot_py_examples' with the following arguments: {'ament_cmake_args': None, 'build_base': '/Simple_PubSub_ROS2/arduinobot_ws/src/build/arduinobot_py_examples', 'catkin_cmake_args': None, 'catkin_skip_building_tests': False, 'cmake_args': None, 'cmake_clean_cache': False, 'cmake_clean_first': False, 'cmake_force_configure': False, 'cmake_target': None, 'cmake_target_skip_unavailable': False, 'install_base': '/Simple_PubSub_ROS2/arduinobot_ws/src/install/arduinobot_py_examples', 'merge_install': False, 'path': '/Simple_PubSub_ROS2/arduinobot_ws/src/arduinobot_py_examples', 'symlink_install': False, 'test_result_base': None}
[0.203s] INFO:colcon.colcon_core.executor:Executing jobs using 'parallel' executor
[0.203s] DEBUG:colcon.colcon_parallel_executor.executor.parallel:run_until_complete
[0.204s] INFO:colcon.colcon_ros.task.ament_cmake.build:Building ROS package in '/Simple_PubSub_ROS2/arduinobot_ws/src/arduinobot_cpp_examples' with build type 'ament_cmake'
[0.204s] INFO:colcon.colcon_cmake.task.cmake.build:Building CMake package in '/Simple_PubSub_ROS2/arduinobot_ws/src/arduinobot_cpp_examples'
[0.205s] INFO:colcon.colcon_core.plugin_system:Skipping extension 'colcon_core.shell.bat': Not used on non-Windows systems
[0.205s] INFO:colcon.colcon_core.shell:Skip shell extension 'powershell' for command environment: Not usable outside of PowerShell
[0.205s] DEBUG:colcon.colcon_core.shell:Skip shell extension 'dsv' for command environment
[18000.089s] INFO:colcon.colcon_ros.task.ament_python.build:Building ROS package in '/Simple_PubSub_ROS2/arduinobot_ws/src/arduinobot_py_examples' with build type 'ament_python'
[18000.090s] Level 1:colcon.colcon_core.shell:create_environment_hook('arduinobot_py_examples', 'ament_prefix_path')
[18000.090s] INFO:colcon.colcon_core.shell:Creating environment hook '/Simple_PubSub_ROS2/arduinobot_ws/src/install/arduinobot_py_examples/share/arduinobot_py_examples/hook/ament_prefix_path.ps1'
[18000.131s] INFO:colcon.colcon_core.shell:Creating environment descriptor '/Simple_PubSub_ROS2/arduinobot_ws/src/install/arduinobot_py_examples/share/arduinobot_py_examples/hook/ament_prefix_path.dsv'
[18000.153s] INFO:colcon.colcon_core.shell:Creating environment hook '/Simple_PubSub_ROS2/arduinobot_ws/src/install/arduinobot_py_examples/share/arduinobot_py_examples/hook/ament_prefix_path.sh'
[18000.162s] INFO:colcon.colcon_core.shell:Skip shell extension 'powershell' for command environment: Not usable outside of PowerShell
[18000.162s] DEBUG:colcon.colcon_core.shell:Skip shell extension 'dsv' for command environment
[0.709s] DEBUG:colcon.colcon_core.event_handler.log_command:Invoking command in '/Simple_PubSub_ROS2/arduinobot_ws/src/build/arduinobot_cpp_examples': CMAKE_PREFIX_PATH=${CMAKE_PREFIX_PATH}:/opt/ros/jazzy /usr/bin/cmake /Simple_PubSub_ROS2/arduinobot_ws/src/arduinobot_cpp_examples -DCMAKE_INSTALL_PREFIX=/Simple_PubSub_ROS2/arduinobot_ws/src/install/arduinobot_cpp_examples
[0.964s] INFO:colcon.colcon_core.task.python.build:Building Python package in '/Simple_PubSub_ROS2/arduinobot_ws/src/arduinobot_py_examples'
[0.964s] INFO:colcon.colcon_core.shell:Skip shell extension 'powershell' for command environment: Not usable outside of PowerShell
[0.965s] DEBUG:colcon.colcon_core.shell:Skip shell extension 'dsv' for command environment
[1.939s] DEBUG:colcon.colcon_core.event_handler.log_command:Invoking command in '/Simple_PubSub_ROS2/arduinobot_ws/src/arduinobot_py_examples': PYTHONPATH=/Simple_PubSub_ROS2/arduinobot_ws/src/build/arduinobot_py_examples/prefix_override:/usr/lib/python3/dist-packages/colcon_core/task/python/colcon_distutils_commands:/Simple_PubSub_ROS2/arduinobot_ws/src/install/arduinobot_py_examples/lib/python3.12/site-packages:${PYTHONPATH} /usr/bin/python3 -W ignore:setup.py install is deprecated -W ignore:easy_install command is deprecated setup.py egg_info --egg-base ../build/arduinobot_py_examples build --build-base /Simple_PubSub_ROS2/arduinobot_ws/src/build/arduinobot_py_examples/build install --record /Simple_PubSub_ROS2/arduinobot_ws/src/build/arduinobot_py_examples/install.log --single-version-externally-managed install_data
[3.971s] DEBUG:colcon.colcon_core.event_handler.log_command:Invoked command in '/Simple_PubSub_ROS2/arduinobot_ws/src/arduinobot_py_examples' returned '0': PYTHONPATH=/Simple_PubSub_ROS2/arduinobot_ws/src/build/arduinobot_py_examples/prefix_override:/usr/lib/python3/dist-packages/colcon_core/task/python/colcon_distutils_commands:/Simple_PubSub_ROS2/arduinobot_ws/src/install/arduinobot_py_examples/lib/python3.12/site-packages:${PYTHONPATH} /usr/bin/python3 -W ignore:setup.py install is deprecated -W ignore:easy_install command is deprecated setup.py egg_info --egg-base ../build/arduinobot_py_examples build --build-base /Simple_PubSub_ROS2/arduinobot_ws/src/build/arduinobot_py_examples/build install --record /Simple_PubSub_ROS2/arduinobot_ws/src/build/arduinobot_py_examples/install.log --single-version-externally-managed install_data
[3.972s] Level 1:colcon.colcon_core.environment:checking '/Simple_PubSub_ROS2/arduinobot_ws/src/install/arduinobot_py_examples' for CMake module files
[4.002s] Level 1:colcon.colcon_core.environment:checking '/Simple_PubSub_ROS2/arduinobot_ws/src/install/arduinobot_py_examples' for CMake config files
[4.056s] Level 1:colcon.colcon_core.environment:checking '/Simple_PubSub_ROS2/arduinobot_ws/src/install/arduinobot_py_examples/lib'
[4.059s] Level 1:colcon.colcon_core.environment:checking '/Simple_PubSub_ROS2/arduinobot_ws/src/install/arduinobot_py_examples/bin'
[4.061s] Level 1:colcon.colcon_core.environment:checking '/Simple_PubSub_ROS2/arduinobot_ws/src/install/arduinobot_py_examples/lib/pkgconfig/arduinobot_py_examples.pc'
[4.062s] Level 1:colcon.colcon_core.environment:checking '/Simple_PubSub_ROS2/arduinobot_ws/src/install/arduinobot_py_examples/lib/python3.12/site-packages'
[4.064s] Level 1:colcon.colcon_core.shell:create_environment_hook('arduinobot_py_examples', 'pythonpath')
[4.064s] INFO:colcon.colcon_core.shell:Creating environment hook '/Simple_PubSub_ROS2/arduinobot_ws/src/install/arduinobot_py_examples/share/arduinobot_py_examples/hook/pythonpath.ps1'
[4.074s] INFO:colcon.colcon_core.shell:Creating environment descriptor '/Simple_PubSub_ROS2/arduinobot_ws/src/install/arduinobot_py_examples/share/arduinobot_py_examples/hook/pythonpath.dsv'
[4.082s] INFO:colcon.colcon_core.shell:Creating environment hook '/Simple_PubSub_ROS2/arduinobot_ws/src/install/arduinobot_py_examples/share/arduinobot_py_examples/hook/pythonpath.sh'
[4.093s] Level 1:colcon.colcon_core.environment:checking '/Simple_PubSub_ROS2/arduinobot_ws/src/install/arduinobot_py_examples/bin'
[4.094s] Level 1:colcon.colcon_core.environment:create_environment_scripts_only(arduinobot_py_examples)
[4.095s] INFO:colcon.colcon_core.shell:Creating package script '/Simple_PubSub_ROS2/arduinobot_ws/src/install/arduinobot_py_examples/share/arduinobot_py_examples/package.ps1'
[4.103s] INFO:colcon.colcon_core.shell:Creating package descriptor '/Simple_PubSub_ROS2/arduinobot_ws/src/install/arduinobot_py_examples/share/arduinobot_py_examples/package.dsv'
[4.124s] INFO:colcon.colcon_core.shell:Creating package script '/Simple_PubSub_ROS2/arduinobot_ws/src/install/arduinobot_py_examples/share/arduinobot_py_examples/package.sh'
[4.131s] INFO:colcon.colcon_core.shell:Creating package script '/Simple_PubSub_ROS2/arduinobot_ws/src/install/arduinobot_py_examples/share/arduinobot_py_examples/package.bash'
[4.139s] INFO:colcon.colcon_core.shell:Creating package script '/Simple_PubSub_ROS2/arduinobot_ws/src/install/arduinobot_py_examples/share/arduinobot_py_examples/package.zsh'
[4.150s] Level 1:colcon.colcon_core.environment:create_file_with_runtime_dependencies(/Simple_PubSub_ROS2/arduinobot_ws/src/install/arduinobot_py_examples/share/colcon-core/packages/arduinobot_py_examples)
[4.241s] DEBUG:colcon.colcon_core.event_handler.log_command:Invoked command in '/Simple_PubSub_ROS2/arduinobot_ws/src/build/arduinobot_cpp_examples' returned '0': CMAKE_PREFIX_PATH=${CMAKE_PREFIX_PATH}:/opt/ros/jazzy /usr/bin/cmake /Simple_PubSub_ROS2/arduinobot_ws/src/arduinobot_cpp_examples -DCMAKE_INSTALL_PREFIX=/Simple_PubSub_ROS2/arduinobot_ws/src/install/arduinobot_cpp_examples
[4.247s] DEBUG:colcon.colcon_core.event_handler.log_command:Invoking command in '/Simple_PubSub_ROS2/arduinobot_ws/src/build/arduinobot_cpp_examples': CMAKE_PREFIX_PATH=${CMAKE_PREFIX_PATH}:/opt/ros/jazzy /usr/bin/cmake --build /Simple_PubSub_ROS2/arduinobot_ws/src/build/arduinobot_cpp_examples -- -j24 -l24
[4.313s] DEBUG:colcon.colcon_core.event_handler.log_command:Invoked command in '/Simple_PubSub_ROS2/arduinobot_ws/src/build/arduinobot_cpp_examples' returned '0': CMAKE_PREFIX_PATH=${CMAKE_PREFIX_PATH}:/opt/ros/jazzy /usr/bin/cmake --build /Simple_PubSub_ROS2/arduinobot_ws/src/build/arduinobot_cpp_examples -- -j24 -l24
[4.330s] DEBUG:colcon.colcon_core.event_handler.log_command:Invoking command in '/Simple_PubSub_ROS2/arduinobot_ws/src/build/arduinobot_cpp_examples': CMAKE_PREFIX_PATH=${CMAKE_PREFIX_PATH}:/opt/ros/jazzy /usr/bin/cmake --install /Simple_PubSub_ROS2/arduinobot_ws/src/build/arduinobot_cpp_examples
[4.983s] Level 1:colcon.colcon_core.environment:create_environment_scripts_only(arduinobot_cpp_examples)
[4.983s] Level 1:colcon.colcon_core.environment:checking '/Simple_PubSub_ROS2/arduinobot_ws/src/install/arduinobot_cpp_examples' for CMake module files
[4.984s] DEBUG:colcon.colcon_core.event_handler.log_command:Invoked command in '/Simple_PubSub_ROS2/arduinobot_ws/src/build/arduinobot_cpp_examples' returned '0': CMAKE_PREFIX_PATH=${CMAKE_PREFIX_PATH}:/opt/ros/jazzy /usr/bin/cmake --install /Simple_PubSub_ROS2/arduinobot_ws/src/build/arduinobot_cpp_examples
[5.029s] Level 1:colcon.colcon_core.environment:checking '/Simple_PubSub_ROS2/arduinobot_ws/src/install/arduinobot_cpp_examples' for CMake config files
[5.063s] Level 1:colcon.colcon_core.shell:create_environment_hook('arduinobot_cpp_examples', 'cmake_prefix_path')
[5.064s] INFO:colcon.colcon_core.shell:Creating environment hook '/Simple_PubSub_ROS2/arduinobot_ws/src/install/arduinobot_cpp_examples/share/arduinobot_cpp_examples/hook/cmake_prefix_path.ps1'
[5.071s] INFO:colcon.colcon_core.shell:Creating environment descriptor '/Simple_PubSub_ROS2/arduinobot_ws/src/install/arduinobot_cpp_examples/share/arduinobot_cpp_examples/hook/cmake_prefix_path.dsv'
[5.078s] INFO:colcon.colcon_core.shell:Creating environment hook '/Simple_PubSub_ROS2/arduinobot_ws/src/install/arduinobot_cpp_examples/share/arduinobot_cpp_examples/hook/cmake_prefix_path.sh'
[5.087s] Level 1:colcon.colcon_core.environment:checking '/Simple_PubSub_ROS2/arduinobot_ws/src/install/arduinobot_cpp_examples/bin'
[5.088s] Level 1:colcon.colcon_core.environment:checking '/Simple_PubSub_ROS2/arduinobot_ws/src/install/arduinobot_cpp_examples/lib/pkgconfig/arduinobot_cpp_examples.pc'
[5.089s] Level 1:colcon.colcon_core.environment:checking '/Simple_PubSub_ROS2/arduinobot_ws/src/install/arduinobot_cpp_examples/lib/python3.12/site-packages'
[5.090s] Level 1:colcon.colcon_core.environment:checking '/Simple_PubSub_ROS2/arduinobot_ws/src/install/arduinobot_cpp_examples/bin'
[5.091s] INFO:colcon.colcon_core.shell:Creating package script '/Simple_PubSub_ROS2/arduinobot_ws/src/install/arduinobot_cpp_examples/share/arduinobot_cpp_examples/package.ps1'
[5.097s] INFO:colcon.colcon_core.shell:Creating package descriptor '/Simple_PubSub_ROS2/arduinobot_ws/src/install/arduinobot_cpp_examples/share/arduinobot_cpp_examples/package.dsv'
[5.122s] INFO:colcon.colcon_core.shell:Creating package script '/Simple_PubSub_ROS2/arduinobot_ws/src/install/arduinobot_cpp_examples/share/arduinobot_cpp_examples/package.sh'
[5.130s] INFO:colcon.colcon_core.shell:Creating package script '/Simple_PubSub_ROS2/arduinobot_ws/src/install/arduinobot_cpp_examples/share/arduinobot_cpp_examples/package.bash'
[5.137s] INFO:colcon.colcon_core.shell:Creating package script '/Simple_PubSub_ROS2/arduinobot_ws/src/install/arduinobot_cpp_examples/share/arduinobot_cpp_examples/package.zsh'
[5.143s] Level 1:colcon.colcon_core.environment:create_file_with_runtime_dependencies(/Simple_PubSub_ROS2/arduinobot_ws/src/install/arduinobot_cpp_examples/share/colcon-core/packages/arduinobot_cpp_examples)
[5.166s] Level 1:colcon.colcon_core.environment:create_environment_scripts_only(arduinobot_cpp_examples)
[5.166s] Level 1:colcon.colcon_core.environment:checking '/Simple_PubSub_ROS2/arduinobot_ws/src/install/arduinobot_cpp_examples' for CMake module files
[5.209s] Level 1:colcon.colcon_core.environment:checking '/Simple_PubSub_ROS2/arduinobot_ws/src/install/arduinobot_cpp_examples' for CMake config files
[5.237s] Level 1:colcon.colcon_core.shell:create_environment_hook('arduinobot_cpp_examples', 'cmake_prefix_path')
[5.237s] INFO:colcon.colcon_core.shell:Creating environment hook '/Simple_PubSub_ROS2/arduinobot_ws/src/install/arduinobot_cpp_examples/share/arduinobot_cpp_examples/hook/cmake_prefix_path.ps1'
[5.245s] INFO:colcon.colcon_core.shell:Creating environment descriptor '/Simple_PubSub_ROS2/arduinobot_ws/src/install/arduinobot_cpp_examples/share/arduinobot_cpp_examples/hook/cmake_prefix_path.dsv'
[5.252s] INFO:colcon.colcon_core.shell:Creating environment hook '/Simple_PubSub_ROS2/arduinobot_ws/src/install/arduinobot_cpp_examples/share/arduinobot_cpp_examples/hook/cmake_prefix_path.sh'
[5.264s] Level 1:colcon.colcon_core.environment:checking '/Simple_PubSub_ROS2/arduinobot_ws/src/install/arduinobot_cpp_examples/bin'
[5.265s] Level 1:colcon.colcon_core.environment:checking '/Simple_PubSub_ROS2/arduinobot_ws/src/install/arduinobot_cpp_examples/lib/pkgconfig/arduinobot_cpp_examples.pc'
[5.266s] Level 1:colcon.colcon_core.environment:checking '/Simple_PubSub_ROS2/arduinobot_ws/src/install/arduinobot_cpp_examples/lib/python3.12/site-packages'
[5.267s] Level 1:colcon.colcon_core.environment:checking '/Simple_PubSub_ROS2/arduinobot_ws/src/install/arduinobot_cpp_examples/bin'
[5.268s] INFO:colcon.colcon_core.shell:Creating package script '/Simple_PubSub_ROS2/arduinobot_ws/src/install/arduinobot_cpp_examples/share/arduinobot_cpp_examples/package.ps1'
[5.276s] INFO:colcon.colcon_core.shell:Creating package descriptor '/Simple_PubSub_ROS2/arduinobot_ws/src/install/arduinobot_cpp_examples/share/arduinobot_cpp_examples/package.dsv'
[5.282s] INFO:colcon.colcon_core.shell:Creating package script '/Simple_PubSub_ROS2/arduinobot_ws/src/install/arduinobot_cpp_examples/share/arduinobot_cpp_examples/package.sh'
[5.289s] INFO:colcon.colcon_core.shell:Creating package script '/Simple_PubSub_ROS2/arduinobot_ws/src/install/arduinobot_cpp_examples/share/arduinobot_cpp_examples/package.bash'
[5.296s] INFO:colcon.colcon_core.shell:Creating package script '/Simple_PubSub_ROS2/arduinobot_ws/src/install/arduinobot_cpp_examples/share/arduinobot_cpp_examples/package.zsh'
[5.306s] Level 1:colcon.colcon_core.environment:create_file_with_runtime_dependencies(/Simple_PubSub_ROS2/arduinobot_ws/src/install/arduinobot_cpp_examples/share/colcon-core/packages/arduinobot_cpp_examples)
[5.311s] DEBUG:colcon.colcon_parallel_executor.executor.parallel:closing loop
[5.311s] DEBUG:colcon.colcon_parallel_executor.executor.parallel:loop closed
[5.311s] DEBUG:colcon.colcon_parallel_executor.executor.parallel:run_until_complete finished with '0'
[5.311s] DEBUG:colcon.colcon_core.event_reactor:joining thread
[5.333s] INFO:colcon.colcon_core.plugin_system:Skipping extension 'colcon_notification.desktop_notification.notify_send': Could not find 'notify-send'
[5.336s] INFO:colcon.colcon_core.plugin_system:Skipping extension 'colcon_notification.desktop_notification.terminal_notifier': Not used on non-Darwin systems
[5.336s] INFO:colcon.colcon_core.plugin_system:Skipping extension 'colcon_notification.desktop_notification.win32': Not used on non-Windows systems
[5.336s] INFO:colcon.colcon_notification.desktop_notification:Sending desktop notification using 'notify2'
[5.338s] DEBUG:colcon.colcon_notification.desktop_notification.notify2:Failed to initialize notify2: org.freedesktop.DBus.Error.Spawn.ExecFailed: /usr/bin/dbus-launch terminated abnormally without any error message
[5.338s] DEBUG:colcon.colcon_core.event_reactor:joined thread
[5.338s] INFO:colcon.colcon_core.shell:Creating prefix script '/Simple_PubSub_ROS2/arduinobot_ws/src/install/local_setup.ps1'
[5.342s] INFO:colcon.colcon_core.shell:Creating prefix util module '/Simple_PubSub_ROS2/arduinobot_ws/src/install/_local_setup_util_ps1.py'
[5.357s] INFO:colcon.colcon_core.shell:Creating prefix chain script '/Simple_PubSub_ROS2/arduinobot_ws/src/install/setup.ps1'
[5.363s] INFO:colcon.colcon_core.shell:Creating prefix script '/Simple_PubSub_ROS2/arduinobot_ws/src/install/local_setup.sh'
[5.367s] INFO:colcon.colcon_core.shell:Creating prefix util module '/Simple_PubSub_ROS2/arduinobot_ws/src/install/_local_setup_util_sh.py'
[5.371s] INFO:colcon.colcon_core.shell:Creating prefix chain script '/Simple_PubSub_ROS2/arduinobot_ws/src/install/setup.sh'
[5.374s] INFO:colcon.colcon_core.shell:Creating prefix script '/Simple_PubSub_ROS2/arduinobot_ws/src/install/local_setup.bash'
[5.378s] INFO:colcon.colcon_core.shell:Creating prefix chain script '/Simple_PubSub_ROS2/arduinobot_ws/src/install/setup.bash'
[5.381s] INFO:colcon.colcon_core.shell:Creating prefix script '/Simple_PubSub_ROS2/arduinobot_ws/src/install/local_setup.zsh'
[5.385s] INFO:colcon.colcon_core.shell:Creating prefix chain script '/Simple_PubSub_ROS2/arduinobot_ws/src/install/setup.zsh'
