[0.223s] Invoking command in '/Simple_PubSub_ROS2/arduinobot_ws/src/build/arduinobot_cpp_examples': CMAKE_PREFIX_PATH=${CMAKE_PREFIX_PATH}:/opt/ros/jazzy /usr/bin/cmake /Simple_PubSub_ROS2/arduinobot_ws/src/arduinobot_cpp_examples -DCMAKE_INSTALL_PREFIX=/Simple_PubSub_ROS2/arduinobot_ws/src/install/arduinobot_cpp_examples
[0.488s] -- The C compiler identification is GNU 13.3.0
[0.605s] -- The CXX compiler identification is GNU 13.3.0
[0.652s] -- Detecting C compiler ABI info
[1.097s] -- Detecting C compiler ABI info - done
[1.119s] -- Check for working C compiler: /usr/bin/cc - skipped
[1.119s] -- Detecting C compile features
[1.120s] -- Detecting C compile features - done
[1.156s] -- Detecting CXX compiler ABI info
[1.573s] -- Detecting CXX compiler ABI info - done
[1.594s] -- Check for working CXX compiler: /usr/bin/c++ - skipped
[1.595s] -- Detecting CXX compile features
[1.595s] -- Detecting CXX compile features - done
[1.649s] -- Found ament_cmake: 2.5.3 (/opt/ros/jazzy/share/ament_cmake/cmake)
[1.784s] -- Found Python3: /usr/bin/python3 (found version "3.12.3") found components: Interpreter 
[2.404s] -- Found ament_lint_auto: 0.17.1 (/opt/ros/jazzy/share/ament_lint_auto/cmake)
[3.254s] -- Added test 'lint_cmake' to check CMake code style
[3.311s] -- Added test 'xmllint' to check XML markup files
[3.388s] -- Configuring done (3.1s)
[3.601s] -- Generating done (0.2s)
[3.751s] -- Build files have been written to: /Simple_PubSub_ROS2/arduinobot_ws/src/build/arduinobot_cpp_examples
[3.754s] Invoked command in '/Simple_PubSub_ROS2/arduinobot_ws/src/build/arduinobot_cpp_examples' returned '0': CMAKE_PREFIX_PATH=${CMAKE_PREFIX_PATH}:/opt/ros/jazzy /usr/bin/cmake /Simple_PubSub_ROS2/arduinobot_ws/src/arduinobot_cpp_examples -DCMAKE_INSTALL_PREFIX=/Simple_PubSub_ROS2/arduinobot_ws/src/install/arduinobot_cpp_examples
[3.761s] Invoking command in '/Simple_PubSub_ROS2/arduinobot_ws/src/build/arduinobot_cpp_examples': CMAKE_PREFIX_PATH=${CMAKE_PREFIX_PATH}:/opt/ros/jazzy /usr/bin/cmake --build /Simple_PubSub_ROS2/arduinobot_ws/src/build/arduinobot_cpp_examples -- -j24 -l24
[3.770s] gmake: Warning: File 'Makefile' has modification time 17999 s in the future
[3.819s] gmake[1]: Warning: File 'CMakeFiles/Makefile2' has modification time 17999 s in the future
[3.820s] gmake[1]: warning:  Clock skew detected.  Your build may be incomplete.
[3.825s] gmake: warning:  Clock skew detected.  Your build may be incomplete.
[3.826s] Invoked command in '/Simple_PubSub_ROS2/arduinobot_ws/src/build/arduinobot_cpp_examples' returned '0': CMAKE_PREFIX_PATH=${CMAKE_PREFIX_PATH}:/opt/ros/jazzy /usr/bin/cmake --build /Simple_PubSub_ROS2/arduinobot_ws/src/build/arduinobot_cpp_examples -- -j24 -l24
[3.844s] Invoking command in '/Simple_PubSub_ROS2/arduinobot_ws/src/build/arduinobot_cpp_examples': CMAKE_PREFIX_PATH=${CMAKE_PREFIX_PATH}:/opt/ros/jazzy /usr/bin/cmake --install /Simple_PubSub_ROS2/arduinobot_ws/src/build/arduinobot_cpp_examples
[3.852s] -- Install configuration: ""
[3.873s] -- Installing: /Simple_PubSub_ROS2/arduinobot_ws/src/install/arduinobot_cpp_examples/share/ament_index/resource_index/package_run_dependencies/arduinobot_cpp_examples
[3.937s] -- Installing: /Simple_PubSub_ROS2/arduinobot_ws/src/install/arduinobot_cpp_examples/share/ament_index/resource_index/parent_prefix_path/arduinobot_cpp_examples
[3.993s] -- Installing: /Simple_PubSub_ROS2/arduinobot_ws/src/install/arduinobot_cpp_examples/share/arduinobot_cpp_examples/environment/ament_prefix_path.sh
[4.030s] -- Installing: /Simple_PubSub_ROS2/arduinobot_ws/src/install/arduinobot_cpp_examples/share/arduinobot_cpp_examples/environment/ament_prefix_path.dsv
[4.063s] -- Installing: /Simple_PubSub_ROS2/arduinobot_ws/src/install/arduinobot_cpp_examples/share/arduinobot_cpp_examples/environment/path.sh
[4.097s] -- Installing: /Simple_PubSub_ROS2/arduinobot_ws/src/install/arduinobot_cpp_examples/share/arduinobot_cpp_examples/environment/path.dsv
[4.139s] -- Installing: /Simple_PubSub_ROS2/arduinobot_ws/src/install/arduinobot_cpp_examples/share/arduinobot_cpp_examples/local_setup.bash
[4.167s] -- Installing: /Simple_PubSub_ROS2/arduinobot_ws/src/install/arduinobot_cpp_examples/share/arduinobot_cpp_examples/local_setup.sh
[4.204s] -- Installing: /Simple_PubSub_ROS2/arduinobot_ws/src/install/arduinobot_cpp_examples/share/arduinobot_cpp_examples/local_setup.zsh
[4.242s] -- Installing: /Simple_PubSub_ROS2/arduinobot_ws/src/install/arduinobot_cpp_examples/share/arduinobot_cpp_examples/local_setup.dsv
[4.277s] -- Installing: /Simple_PubSub_ROS2/arduinobot_ws/src/install/arduinobot_cpp_examples/share/arduinobot_cpp_examples/package.dsv
[4.337s] -- Installing: /Simple_PubSub_ROS2/arduinobot_ws/src/install/arduinobot_cpp_examples/share/ament_index/resource_index/packages/arduinobot_cpp_examples
[4.393s] -- Installing: /Simple_PubSub_ROS2/arduinobot_ws/src/install/arduinobot_cpp_examples/share/arduinobot_cpp_examples/cmake/arduinobot_cpp_examplesConfig.cmake
[4.431s] -- Installing: /Simple_PubSub_ROS2/arduinobot_ws/src/install/arduinobot_cpp_examples/share/arduinobot_cpp_examples/cmake/arduinobot_cpp_examplesConfig-version.cmake
[4.465s] -- Installing: /Simple_PubSub_ROS2/arduinobot_ws/src/install/arduinobot_cpp_examples/share/arduinobot_cpp_examples/package.xml
[4.497s] Invoked command in '/Simple_PubSub_ROS2/arduinobot_ws/src/build/arduinobot_cpp_examples' returned '0': CMAKE_PREFIX_PATH=${CMAKE_PREFIX_PATH}:/opt/ros/jazzy /usr/bin/cmake --install /Simple_PubSub_ROS2/arduinobot_ws/src/build/arduinobot_cpp_examples
