running egg_info
creating ../build/arduinobot_py_examples/arduinobot_py_examples.egg-info
writing ../build/arduinobot_py_examples/arduinobot_py_examples.egg-info/PKG-INFO
writing dependency_links to ../build/arduinobot_py_examples/arduinobot_py_examples.egg-info/dependency_links.txt
writing entry points to ../build/arduinobot_py_examples/arduinobot_py_examples.egg-info/entry_points.txt
writing requirements to ../build/arduinobot_py_examples/arduinobot_py_examples.egg-info/requires.txt
writing top-level names to ../build/arduinobot_py_examples/arduinobot_py_examples.egg-info/top_level.txt
writing manifest file '../build/arduinobot_py_examples/arduinobot_py_examples.egg-info/SOURCES.txt'
reading manifest file '../build/arduinobot_py_examples/arduinobot_py_examples.egg-info/SOURCES.txt'
writing manifest file '../build/arduinobot_py_examples/arduinobot_py_examples.egg-info/SOURCES.txt'
running build
running build_py
creating /Simple_PubSub_ROS2/arduinobot_ws/src/build/arduinobot_py_examples/build
creating /Simple_PubSub_ROS2/arduinobot_ws/src/build/arduinobot_py_examples/build/lib
creating /Simple_PubSub_ROS2/arduinobot_ws/src/build/arduinobot_py_examples/build/lib/arduinobot_py_examples
copying arduinobot_py_examples/simple_publisher.py -> /Simple_PubSub_ROS2/arduinobot_ws/src/build/arduinobot_py_examples/build/lib/arduinobot_py_examples
copying arduinobot_py_examples/simple_subscriber.py -> /Simple_PubSub_ROS2/arduinobot_ws/src/build/arduinobot_py_examples/build/lib/arduinobot_py_examples
copying arduinobot_py_examples/__init__.py -> /Simple_PubSub_ROS2/arduinobot_ws/src/build/arduinobot_py_examples/build/lib/arduinobot_py_examples
running install
running install_lib
creating /Simple_PubSub_ROS2/arduinobot_ws/src/install/arduinobot_py_examples/lib/python3.12/site-packages/arduinobot_py_examples
copying /Simple_PubSub_ROS2/arduinobot_ws/src/build/arduinobot_py_examples/build/lib/arduinobot_py_examples/simple_publisher.py -> /Simple_PubSub_ROS2/arduinobot_ws/src/install/arduinobot_py_examples/lib/python3.12/site-packages/arduinobot_py_examples
copying /Simple_PubSub_ROS2/arduinobot_ws/src/build/arduinobot_py_examples/build/lib/arduinobot_py_examples/simple_subscriber.py -> /Simple_PubSub_ROS2/arduinobot_ws/src/install/arduinobot_py_examples/lib/python3.12/site-packages/arduinobot_py_examples
copying /Simple_PubSub_ROS2/arduinobot_ws/src/build/arduinobot_py_examples/build/lib/arduinobot_py_examples/__init__.py -> /Simple_PubSub_ROS2/arduinobot_ws/src/install/arduinobot_py_examples/lib/python3.12/site-packages/arduinobot_py_examples
byte-compiling /Simple_PubSub_ROS2/arduinobot_ws/src/install/arduinobot_py_examples/lib/python3.12/site-packages/arduinobot_py_examples/simple_publisher.py to simple_publisher.cpython-312.pyc
byte-compiling /Simple_PubSub_ROS2/arduinobot_ws/src/install/arduinobot_py_examples/lib/python3.12/site-packages/arduinobot_py_examples/simple_subscriber.py to simple_subscriber.cpython-312.pyc
byte-compiling /Simple_PubSub_ROS2/arduinobot_ws/src/install/arduinobot_py_examples/lib/python3.12/site-packages/arduinobot_py_examples/__init__.py to __init__.cpython-312.pyc
running install_data
creating /Simple_PubSub_ROS2/arduinobot_ws/src/install/arduinobot_py_examples/share/ament_index
creating /Simple_PubSub_ROS2/arduinobot_ws/src/install/arduinobot_py_examples/share/ament_index/resource_index
creating /Simple_PubSub_ROS2/arduinobot_ws/src/install/arduinobot_py_examples/share/ament_index/resource_index/packages
copying resource/arduinobot_py_examples -> /Simple_PubSub_ROS2/arduinobot_ws/src/install/arduinobot_py_examples/share/ament_index/resource_index/packages
copying package.xml -> /Simple_PubSub_ROS2/arduinobot_ws/src/install/arduinobot_py_examples/share/arduinobot_py_examples
running install_egg_info
Copying ../build/arduinobot_py_examples/arduinobot_py_examples.egg-info to /Simple_PubSub_ROS2/arduinobot_ws/src/install/arduinobot_py_examples/lib/python3.12/site-packages/arduinobot_py_examples-0.0.0-py3.12.egg-info
running install_scripts
Installing simple_publisher script to /Simple_PubSub_ROS2/arduinobot_ws/src/install/arduinobot_py_examples/lib/arduinobot_py_examples
Installing simple_subscriber script to /Simple_PubSub_ROS2/arduinobot_ws/src/install/arduinobot_py_examples/lib/arduinobot_py_examples
writing list of installed files to '/Simple_PubSub_ROS2/arduinobot_ws/src/build/arduinobot_py_examples/install.log'
