[1.446s] Invoking command in '/Simple_PubSub_ROS2/arduinobot_ws/src/arduinobot_py_examples': PYTHONPATH=/Simple_PubSub_ROS2/arduinobot_ws/src/build/arduinobot_py_examples/prefix_override:/usr/lib/python3/dist-packages/colcon_core/task/python/colcon_distutils_commands:/Simple_PubSub_ROS2/arduinobot_ws/src/install/arduinobot_py_examples/lib/python3.12/site-packages:${PYTHONPATH} /usr/bin/python3 -W ignore:setup.py install is deprecated -W ignore:easy_install command is deprecated setup.py egg_info --egg-base ../build/arduinobot_py_examples build --build-base /Simple_PubSub_ROS2/arduinobot_ws/src/build/arduinobot_py_examples/build install --record /Simple_PubSub_ROS2/arduinobot_ws/src/build/arduinobot_py_examples/install.log --single-version-externally-managed install_data
[2.128s] running egg_info
[2.129s] creating ../build/arduinobot_py_examples/arduinobot_py_examples.egg-info
[2.143s] writing ../build/arduinobot_py_examples/arduinobot_py_examples.egg-info/PKG-INFO
[2.149s] writing dependency_links to ../build/arduinobot_py_examples/arduinobot_py_examples.egg-info/dependency_links.txt
[2.155s] writing entry points to ../build/arduinobot_py_examples/arduinobot_py_examples.egg-info/entry_points.txt
[2.158s] writing requirements to ../build/arduinobot_py_examples/arduinobot_py_examples.egg-info/requires.txt
[2.162s] writing top-level names to ../build/arduinobot_py_examples/arduinobot_py_examples.egg-info/top_level.txt
[2.170s] writing manifest file '../build/arduinobot_py_examples/arduinobot_py_examples.egg-info/SOURCES.txt'
[2.218s] reading manifest file '../build/arduinobot_py_examples/arduinobot_py_examples.egg-info/SOURCES.txt'
[2.253s] writing manifest file '../build/arduinobot_py_examples/arduinobot_py_examples.egg-info/SOURCES.txt'
[2.256s] running build
[2.257s] running build_py
[2.260s] creating /Simple_PubSub_ROS2/arduinobot_ws/src/build/arduinobot_py_examples/build
[2.262s] creating /Simple_PubSub_ROS2/arduinobot_ws/src/build/arduinobot_py_examples/build/lib
[2.263s] creating /Simple_PubSub_ROS2/arduinobot_ws/src/build/arduinobot_py_examples/build/lib/arduinobot_py_examples
[2.271s] copying arduinobot_py_examples/simple_publisher.py -> /Simple_PubSub_ROS2/arduinobot_ws/src/build/arduinobot_py_examples/build/lib/arduinobot_py_examples
[2.293s] copying arduinobot_py_examples/simple_subscriber.py -> /Simple_PubSub_ROS2/arduinobot_ws/src/build/arduinobot_py_examples/build/lib/arduinobot_py_examples
[2.305s] copying arduinobot_py_examples/__init__.py -> /Simple_PubSub_ROS2/arduinobot_ws/src/build/arduinobot_py_examples/build/lib/arduinobot_py_examples
[2.313s] running install
[2.320s] running install_lib
[2.348s] creating /Simple_PubSub_ROS2/arduinobot_ws/src/install/arduinobot_py_examples/lib/python3.12/site-packages/arduinobot_py_examples
[2.363s] copying /Simple_PubSub_ROS2/arduinobot_ws/src/build/arduinobot_py_examples/build/lib/arduinobot_py_examples/simple_publisher.py -> /Simple_PubSub_ROS2/arduinobot_ws/src/install/arduinobot_py_examples/lib/python3.12/site-packages/arduinobot_py_examples
[2.395s] copying /Simple_PubSub_ROS2/arduinobot_ws/src/build/arduinobot_py_examples/build/lib/arduinobot_py_examples/simple_subscriber.py -> /Simple_PubSub_ROS2/arduinobot_ws/src/install/arduinobot_py_examples/lib/python3.12/site-packages/arduinobot_py_examples
[2.419s] copying /Simple_PubSub_ROS2/arduinobot_ws/src/build/arduinobot_py_examples/build/lib/arduinobot_py_examples/__init__.py -> /Simple_PubSub_ROS2/arduinobot_ws/src/install/arduinobot_py_examples/lib/python3.12/site-packages/arduinobot_py_examples
[2.441s] byte-compiling /Simple_PubSub_ROS2/arduinobot_ws/src/install/arduinobot_py_examples/lib/python3.12/site-packages/arduinobot_py_examples/simple_publisher.py to simple_publisher.cpython-312.pyc
[2.469s] byte-compiling /Simple_PubSub_ROS2/arduinobot_ws/src/install/arduinobot_py_examples/lib/python3.12/site-packages/arduinobot_py_examples/simple_subscriber.py to simple_subscriber.cpython-312.pyc
[2.494s] byte-compiling /Simple_PubSub_ROS2/arduinobot_ws/src/install/arduinobot_py_examples/lib/python3.12/site-packages/arduinobot_py_examples/__init__.py to __init__.cpython-312.pyc
[2.519s] running install_data
[2.529s] creating /Simple_PubSub_ROS2/arduinobot_ws/src/install/arduinobot_py_examples/share/ament_index
[2.530s] creating /Simple_PubSub_ROS2/arduinobot_ws/src/install/arduinobot_py_examples/share/ament_index/resource_index
[2.532s] creating /Simple_PubSub_ROS2/arduinobot_ws/src/install/arduinobot_py_examples/share/ament_index/resource_index/packages
[2.538s] copying resource/arduinobot_py_examples -> /Simple_PubSub_ROS2/arduinobot_ws/src/install/arduinobot_py_examples/share/ament_index/resource_index/packages
[2.555s] copying package.xml -> /Simple_PubSub_ROS2/arduinobot_ws/src/install/arduinobot_py_examples/share/arduinobot_py_examples
[2.571s] running install_egg_info
[2.597s] Copying ../build/arduinobot_py_examples/arduinobot_py_examples.egg-info to /Simple_PubSub_ROS2/arduinobot_ws/src/install/arduinobot_py_examples/lib/python3.12/site-packages/arduinobot_py_examples-0.0.0-py3.12.egg-info
[3.254s] running install_scripts
[3.443s] Installing simple_publisher script to /Simple_PubSub_ROS2/arduinobot_ws/src/install/arduinobot_py_examples/lib/arduinobot_py_examples
[3.448s] Installing simple_subscriber script to /Simple_PubSub_ROS2/arduinobot_ws/src/install/arduinobot_py_examples/lib/arduinobot_py_examples
[3.459s] writing list of installed files to '/Simple_PubSub_ROS2/arduinobot_ws/src/build/arduinobot_py_examples/install.log'
[3.479s] Invoked command in '/Simple_PubSub_ROS2/arduinobot_ws/src/arduinobot_py_examples' returned '0': PYTHONPATH=/Simple_PubSub_ROS2/arduinobot_ws/src/build/arduinobot_py_examples/prefix_override:/usr/lib/python3/dist-packages/colcon_core/task/python/colcon_distutils_commands:/Simple_PubSub_ROS2/arduinobot_ws/src/install/arduinobot_py_examples/lib/python3.12/site-packages:${PYTHONPATH} /usr/bin/python3 -W ignore:setup.py install is deprecated -W ignore:easy_install command is deprecated setup.py egg_info --egg-base ../build/arduinobot_py_examples build --build-base /Simple_PubSub_ROS2/arduinobot_ws/src/build/arduinobot_py_examples/build install --record /Simple_PubSub_ROS2/arduinobot_ws/src/build/arduinobot_py_examples/install.log --single-version-externally-managed install_data
